<?xml version="1.0" encoding="UTF-8"?>
<!-- Generated by org.testng.reporters.JUnitReportReporter -->
<testsuite hostname="ZaigoPC" failures="0" tests="5" name="login" time="68.870" errors="0" timestamp="2023-10-13T15:33:05 IST" skipped="0">
  <testcase classname="login" name="verifyinvalidcred" time="17.715"/>
  <system-out/>
  <testcase classname="login" name="verifyinvalidemail" time="11.532"/>
  <system-out/>
  <testcase classname="login" name="invalidpass" time="14.598"/>
  <system-out/>
  <testcase classname="login" name="Newuser" time="11.755"/>
  <system-out/>
  <testcase classname="login" name="sucesslogin" time="13.270"/>
  <system-out/>
</testsuite> <!-- login -->
