<?xml version="1.0" encoding="UTF-8"?>
<!-- Generated by org.testng.reporters.JUnitReportReporter -->
<testsuite hostname="ZaigoPC" failures="0" tests="1" name="Essentialplan" time="22.465" errors="0" timestamp="2023-10-17T20:00:37 IST" skipped="0">
  <testcase classname="Essentialplan" name="WebSiteUrl" time="22.465"/>
  <system-out/>
</testsuite> <!-- Essentialplan -->
